[35m[Appium][39m Welcome to Appium v1.14.2
[35m[Appium][39m Non-default server args:
[35m[Appium][39m   port: 52079
[35m[Appium][39m   loglevel: info
[35m[Appium][39m   chromeDriverPort: 52080
[35m[Appium][39m   tmpDir: C:\Users\ANJANE~1.S\AppData\Local\Temp\\Katalon\Appium\Temp1568871208169
[35m[Appium][39m Appium REST http interface listener started on 0.0.0.0:52079
[35m[HTTP][39m [37m-->[39m [37mGET[39m [37m/wd/hub/status[39m
[35m[HTTP][39m [90m{}[39m
[35m[HTTP][39m [37m<-- GET /wd/hub/status [39m[32m200[39m [90m6 ms - 68[39m
[35m[HTTP][39m [90m[39m
[35m[HTTP][39m [37m-->[39m [37mGET[39m [37m/wd/hub/status[39m
[35m[HTTP][39m [90m{}[39m
[35m[HTTP][39m [37m<-- GET /wd/hub/status [39m[32m200[39m [90m1 ms - 68[39m
[35m[HTTP][39m [90m[39m
[35m[HTTP][39m [37m-->[39m [37mPOST[39m [37m/wd/hub/session[39m
[35m[HTTP][39m [90m{"desiredCapabilities":{"app":"C:\\Users\\anjaneyulu.s\\Desktop\\Android NC Api\\india.com_v1.2.0.apk","noReset":true,"deviceName":"samsung SM-A205F (Android 9)","fullReset":false,"platform":"ANDROID","newCommandTimeout":1800,"platformVersion":"9","automationName":"uiautomator2","autoGrantPermissions":true,"platformName":"Android","udid":"RZ8M54CFBPR","systemPort":52084},"capabilities":{"firstMatch":[{"appium:app":"C:\\Users\\anjaneyulu.s\\Desktop\\Android NC Api\\india.com_v1.2.0.apk","appium:autoGrantPermissions":true,"appium:automationName":"uiautomator2","appium:deviceName":"samsung SM-A205F (Android 9)","appium:fullReset":false,"appium:newCommandTimeout":1800,"appium:noReset":true,"platform":"ANDROID","platformName":"android","appium:platformVersion":"9","appium:systemPort":52084,"appium:udid":"RZ8M54CFBPR"}]}}[39m
[35m[BaseDriver][39m The capabilities ["platform"] are not standard capabilities and should have an extension prefix
[35m[Appium][39m Appium v1.14.2 creating new AndroidUiautomator2Driver (v1.33.1) session
[35m[Appium][39m Capabilities:
[35m[Appium][39m   platform: ANDROID
[35m[Appium][39m   platformName: android
[35m[Appium][39m   app: C:\Users\anjaneyulu.s\Desktop\Android NC Api\india.com_v1.2.0.apk
[35m[Appium][39m   autoGrantPermissions: true
[35m[Appium][39m   automationName: uiautomator2
[35m[Appium][39m   deviceName: samsung SM-A205F (Android 9)
[35m[Appium][39m   fullReset: false
[35m[Appium][39m   newCommandTimeout: 1800
[35m[Appium][39m   noReset: true
[35m[Appium][39m   platformVersion: 9
[35m[Appium][39m   systemPort: 52084
[35m[Appium][39m   udid: RZ8M54CFBPR
[35m[BaseDriver][39m The following capabilities were provided, but are not recognized by Appium:
[35m[BaseDriver][39m   platform
[35m[BaseDriver][39m Session created with session id: 66479b7f-82fe-4002-8fd8-a01812444f57
[35m[BaseDriver][39m Using local app 'C:\Users\anjaneyulu.s\Desktop\Android NC Api\india.com_v1.2.0.apk'
[35m[ADB][39m Found 1 'build-tools' folders under 'C:\Users\anjaneyulu.s\.katalon\tools\android_sdk' (newest first):
[35m[ADB][39m     C:/Users/anjaneyulu.s/.katalon/tools/android_sdk/build-tools/29.0.2
[35m[ADB][39m Using 'adb.exe' from 'C:\Users\anjaneyulu.s\.katalon\tools\android_sdk\platform-tools\adb.exe'
[35m[AndroidDriver][39m Retrieving device list
[35m[AndroidDriver][39m Using device: RZ8M54CFBPR
[35m[ADB][39m Using 'adb.exe' from 'C:\Users\anjaneyulu.s\.katalon\tools\android_sdk\platform-tools\adb.exe'
[35m[UiAutomator2][39m Relaxing hidden api policy
[35m[ADB][39m Using the alternative activity name detection method because of: Could not find 'apkanalyzer.bat' in ["C:\\Users\\anjaneyulu.s\\.katalon\\tools\\android_sdk\\platform-tools\\apkanalyzer.bat","C:\\Users\\anjaneyulu.s\\.katalon\\tools\\android_sdk\\emulator\\apkanalyzer.bat","C:\\Users\\anjaneyulu.s\\.katalon\\tools\\android_sdk\\tools\\apkanalyzer.bat","C:\\Users\\anjaneyulu.s\\.katalon\\tools\\android_sdk\\tools\\bin\\apkanalyzer.bat","C:\\Users\\anjaneyulu.s\\.katalon\\tools\\android_sdk\\build-tools\\29.0.2\\apkanalyzer.bat"]. Do you have Android Build Tools installed at 'C:\Users\anjaneyulu.s\.katalon\tools\android_sdk'?
[35m[ADB][39m Using 'aapt.exe' from 'C:\Users\anjaneyulu.s\.katalon\tools\android_sdk\build-tools\29.0.2\aapt.exe'
[35m[ADB][39m Extracting package and launch activity from manifest
[35m[ADB][39m Package name: 'com.india.local'
[35m[ADB][39m Main activity name: 'com.india.local.activity.SplashActivity'
[35m[ADB][39m Using 'apksigner.bat' from 'C:\Users\anjaneyulu.s\.katalon\tools\android_sdk\build-tools\29.0.2\apksigner.bat'
[35m[UiAutomator2][39m Server packages are not going to be (re)installed
[35m[ADB][39m The application at 'C:\Users\anjaneyulu.s\Desktop\Android NC Api\india.com_v1.2.0.apk' is already cached to '/data/local/tmp/appium_cache/d9e66df0501dc79bc600bcf549e5a42864ead765.apk'
[35m[ADB][39m The installation of 'india.com_v1.2.0.apk' took 3.951s
[35m[ADB][39m Error sending command, reconnecting device and retrying: shell,am,force-stop,io.appium.uiautomator2.server.test
[35m[UiAutomator2][39m Starting UIAutomator2 server 3.7.0
[35m[UiAutomator2][39m Using UIAutomator2 server from 'C:\Users\anjaneyulu.s\appdata\Roaming\npm\node_modules\appium\node_modules\appium-uiautomator2-server\apks\appium-uiautomator2-server-v3.7.0.apk' and test from 'C:\Users\anjaneyulu.s\appdata\Roaming\npm\node_modules\appium\node_modules\appium-uiautomator2-server\apks\appium-uiautomator2-server-debug-androidTest.apk'
[35m[UiAutomator2][39m Waiting up to 30000ms for UiAutomator2 to be online...
[35m[WD Proxy][39m Got an unexpected response: {"errno":"ECONNREFUSED","code":"ECONNREFUSED","syscall":"connect","address":"127.0.0.1","port":52084}
[35m[WD Proxy][39m Got an unexpected response: {"errno":"ECONNREFUSED","code":"ECONNREFUSED","syscall":"connect","address":"127.0.0.1","port":52084}
[35m[UiAutomator2][39m The instrumentation process has been unexpectedly terminated. Retrying UiAutomator2 startup (#1 of 1)
[35m[ADB][39m Error sending command, reconnecting device and retrying: shell,am,force-stop,io.appium.uiautomator2.server.test
[35m[ADB][39m Error sending command, reconnecting device and retrying: shell,pgrep,-f,uiautomator
[35m[UiAutomator2][39m Waiting up to 30000ms for UiAutomator2 to be online...
[35m[WD Proxy][39m Got an unexpected response: {"errno":"ECONNREFUSED","code":"ECONNREFUSED","syscall":"connect","address":"127.0.0.1","port":52084}
[35m[WD Proxy][39m Got an unexpected response: {"errno":"ECONNREFUSED","code":"ECONNREFUSED","syscall":"connect","address":"127.0.0.1","port":52084}
[35m[UiAutomator2][39m Did not get confirmation UiAutomator2 deleteSession worked; Error was: UnknownError: An unknown server-side error occurred while processing the command. Original error: Trying to proxy a session command without session id
[35m[ADB][39m Error sending command, reconnecting device and retrying: shell,am,force-stop,com.india.local
[35m[UiAutomator2][39m Unable to force stop app: Could not find a connected Android device.
[35m[ADB][39m Error sending command, reconnecting device and retrying: forward,--remove,tcp:52084
[35m[UiAutomator2][39m Unable to remove port forward 'Could not find a connected Android device.'
[35m[UiAutomator2][39m Restoring hidden api policy to the device default configuration
[35m[ADB][39m Error sending command, reconnecting device and retrying: shell,settings,delete,global,hidden_api_policy_pre_p_apps
[35m[HTTP][39m [37m<-- POST /wd/hub/session [39m[31m500[39m [90m249824 ms - 659[39m
[35m[HTTP][39m [90m[39m
